Browser started and website lauched
first name entered
last name entered
email entered
password and confirm password entered
register button cliked 
Browser started and website lauched
first name entered
last name entered
email entered
password and confirm password entered
register button cliked 
Browser started and website lauched
Browser started and website lauched
first name entered
last name entered
email entered
password and confirm password entered
register button cliked 
Browser started and website lauched
first name entered
last name entered
email entered
password and confirm password entered
register button cliked 
Browser started and website lauched
first name entered
last name entered
email entered
password and confirm password entered
register button cliked 
Browser started and website lauched
first name entered
last name entered
email entered
password and confirm password entered
register button cliked 
Browser started and website lauched
first name entered
last name entered
email entered
password and confirm password entered
register button cliked 
Browser started and website lauched
first name entered
last name entered
email entered
password and confirm password entered
register button cliked 
Browser started and website lauched
first name entered
last name entered
email entered
password and confirm password entered
register button cliked 
Browser started and website lauched
first name entered
last name entered
email entered
password and confirm password entered
register button cliked 
Browser started and website lauched
first name entered
last name entered
email entered
password and confirm password entered
register button cliked 
Browser started and website lauched
first name entered
last name entered
email entered
password and confirm password entered
register button cliked 
Browser started and website lauched
first name entered
last name entered
email entered
password and confirm password entered
register button cliked 
Browser started and website lauched
first name entered
last name entered
email entered
password and confirm password entered
register button cliked 
Browser started and website lauched
first name entered
last name entered
email entered
password and confirm password entered
register button cliked 
Browser started and website lauched
first name entered
last name entered
email entered
password and confirm password entered
register button cliked 
Browser started and website lauched
first name entered
last name entered
email entered
password and confirm password entered
register button cliked 
Browser started and website lauched
first name entered
last name entered
email entered
password and confirm password entered
register button cliked 
